<?xml version="1.0" encoding="UTF-8"?>
<!-- Generated by org.testng.reporters.JUnitXMLReporter -->
<testsuite hostname="Administrators-MacBook-Pro.local" name="Parallel Classes Scenarios" tests="8" failures="0" timestamp="2 Jul 2020 02:37:15 GMT" time="0.066" errors="0">
  <testcase name="testCase1" time="0.019" classname="com.internetapp.tests.parallelExecution.ParallelClassesExample1"/>
  <testcase name="testCase5" time="0.019" classname="com.internetapp.tests.parallelExecution.ParallelClassesExample2"/>
  <testcase name="testCase6" time="0.002" classname="com.internetapp.tests.parallelExecution.ParallelClassesExample2"/>
  <testcase name="testCase2" time="0.004" classname="com.internetapp.tests.parallelExecution.ParallelClassesExample1"/>
  <testcase name="testCase7" time="0.002" classname="com.internetapp.tests.parallelExecution.ParallelClassesExample2"/>
  <testcase name="testCase3" time="0.002" classname="com.internetapp.tests.parallelExecution.ParallelClassesExample1"/>
  <testcase name="testCase8" time="0.002" classname="com.internetapp.tests.parallelExecution.ParallelClassesExample2"/>
  <testcase name="testCase4" time="0.001" classname="com.internetapp.tests.parallelExecution.ParallelClassesExample1"/>
</testsuite> <!-- Parallel Classes Scenarios -->
