<?xml version="1.0" encoding="UTF-8"?>
<testng-results skipped="0" failed="0" ignored="0" total="1" passed="1">
  <reporter-output>
  </reporter-output>
  <suite name="Parabank TestSuite" duration-ms="17095" started-at="2020-08-01T03:04:11Z" finished-at="2020-08-01T03:04:28Z">
    <groups>
    </groups>
    <test name="Parabank Execution of Application" duration-ms="17095" started-at="2020-08-01T03:04:11Z" finished-at="2020-08-01T03:04:28Z">
      <class name="com.CucumberRunner">
        <test-method status="PASS" signature="setUpClass()[pri:0, instance:com.CucumberRunner@7d8704ef]" name="setUpClass" is-config="true" duration-ms="270" started-at="2020-08-01T08:34:11Z" finished-at="2020-08-01T08:34:12Z">
          <reporter-output>
          </reporter-output>
        </test-method> <!-- setUpClass -->
        <test-method status="PASS" signature="setTestName(java.lang.reflect.Method, [Ljava.lang.Object;)[pri:0, instance:com.CucumberRunner@7d8704ef]" name="setTestName" is-config="true" duration-ms="3" started-at="2020-08-01T08:34:12Z" finished-at="2020-08-01T08:34:12Z">
          <params>
            <param index="0">
              <value>
                <![CDATA[public void com.maveric.core.cucumber.CucumberBaseTest.scenario(io.cucumber.testng.PickleWrapper,io.cucumber.testng.FeatureWrapper) throws java.lang.Throwable]]>
              </value>
            </param>
            <param index="1">
              <value>
                <![CDATA[[Ljava.lang.Object;@88a8218]]>
              </value>
            </param>
          </params>
          <reporter-output>
          </reporter-output>
        </test-method> <!-- setTestName -->
        <test-method status="PASS" signature="scenario(io.cucumber.testng.PickleWrapper, io.cucumber.testng.FeatureWrapper)[pri:0, instance:com.CucumberRunner@7d8704ef]" name="scenario" duration-ms="16475" started-at="2020-08-01T08:34:12Z" data-provider="scenarios" finished-at="2020-08-01T08:34:28Z">
          <params>
            <param index="0">
              <value>
                <![CDATA["Registration Flow"]]>
              </value>
            </param>
            <param index="1">
              <value>
                <![CDATA["Optional[Register a new Customer]"]]>
              </value>
            </param>
          </params>
          <reporter-output>
          </reporter-output>
        </test-method> <!-- scenario -->
        <test-method status="PASS" signature="afterMethod(org.testng.ITestResult)[pri:0, instance:com.CucumberRunner@7d8704ef]" name="afterMethod" is-config="true" duration-ms="1" started-at="2020-08-01T08:34:28Z" finished-at="2020-08-01T08:34:28Z">
          <params>
            <param index="0">
              <value>
                <![CDATA[[TestResult name=Registration Flow status=SUCCESS method=CucumberBaseTest.scenario(io.cucumber.testng.PickleWrapper, io.cucumber.testng.FeatureWrapper)[pri:0, instance:com.CucumberRunner@7d8704ef] output={null}]]]>
              </value>
            </param>
          </params>
          <reporter-output>
          </reporter-output>
        </test-method> <!-- afterMethod -->
        <test-method status="PASS" signature="tearDownClass()[pri:0, instance:com.CucumberRunner@7d8704ef]" name="tearDownClass" is-config="true" duration-ms="96" started-at="2020-08-01T08:34:28Z" finished-at="2020-08-01T08:34:28Z">
          <reporter-output>
          </reporter-output>
        </test-method> <!-- tearDownClass -->
      </class> <!-- com.CucumberRunner -->
    </test> <!-- Parabank Execution of Application -->
  </suite> <!-- Parabank TestSuite -->
</testng-results>
