<?xml version="1.0" encoding="UTF-8"?>
<!-- Generated by org.testng.reporters.JUnitXMLReporter -->
<testsuite hostname="Administrators-MacBook-Pro.local" name="GroupsDemo" tests="8" failures="0" timestamp="1 Jul 2020 15:48:34 GMT" time="0.087" errors="0">
  <testcase name="divReal" time="0.013" classname="com.scubatraining.Gowri.Calculator.TestNG_Groups"/>
  <testcase name="divint" time="0.006" classname="com.scubatraining.Gowri.Calculator.TestNG_Groups"/>
  <testcase name="exp" time="0.002" classname="com.scubatraining.Gowri.Calculator.TestNG_Groups"/>
  <testcase name="inv" time="0.001" classname="com.scubatraining.Gowri.Calculator.TestNG_Groups"/>
  <testcase name="mod" time="0.002" classname="com.scubatraining.Gowri.Calculator.TestNG_Groups"/>
  <testcase name="mul" time="0.003" classname="com.scubatraining.Gowri.Calculator.TestNG_Groups"/>
  <testcase name="negate" time="0.001" classname="com.scubatraining.Gowri.Calculator.TestNG_Groups"/>
  <testcase name="sub" time="0.007" classname="com.scubatraining.Gowri.Calculator.TestNG_Groups"/>
</testsuite> <!-- GroupsDemo -->
