<?xml version="1.0" encoding="UTF-8"?>
<!-- Generated by org.testng.reporters.JUnitXMLReporter -->
<testsuite hostname="Administrators-MacBook-Pro.local" name="Parabank TestNG Execution" tests="5" failures="0" timestamp="1 Aug 2020 16:24:15 GMT" time="22.262" errors="0">
  <testcase name="@AfterMethod tearDown" time="0.0" classname="com.internetapp.tests.Parabank">
    <failure type="java.io.IOException" message="Media was not found at []">
      <![CDATA[java.io.IOException: Media was not found at []
	at com.aventstack.extentreports.reporter.BasicFileReporter.mediaExists(BasicFileReporter.java:248)
	at com.aventstack.extentreports.reporter.BasicFileReporter.onScreenCaptureAdded(BasicFileReporter.java:236)
	at com.aventstack.extentreports.ExtentObservable.addScreenCapture(ExtentObservable.java:360)
	at com.aventstack.extentreports.ExtentTest.addScreenCaptureFromPath(ExtentTest.java:1125)
	at com.aventstack.extentreports.ExtentTest.addScreenCaptureFromPath(ExtentTest.java:1141)
	at com.internetapp.tests.Parabank.tearDown(Parabank.java:209)
... Removed 27 stack frames]]>
    </failure>
  </testcase> <!-- @AfterMethod tearDown -->
  <testcase name="@AfterMethod tearDown" time="0.0" classname="com.internetapp.tests.Parabank">
    <skipped/>
  </testcase> <!-- @AfterMethod tearDown -->
  <testcase name="@AfterTest EndReport" time="0.0" classname="com.internetapp.tests.Parabank">
    <skipped/>
  </testcase> <!-- @AfterTest EndReport -->
  <testcase name="@AfterTest Logout" time="0.0" classname="com.internetapp.tests.Parabank">
    <skipped/>
  </testcase> <!-- @AfterTest Logout -->
  <testcase name="Register" time="11.152" classname="com.internetapp.tests.Parabank"/>
  <testcase name="Loginaccount" time="0.003" classname="com.internetapp.tests.Parabank">
    <skipped/>
  </testcase> <!-- Loginaccount -->
  <testcase name="OpenAccount" time="0.0" classname="com.internetapp.tests.Parabank">
    <skipped/>
  </testcase> <!-- OpenAccount -->
  <testcase name="Transferfund" time="0.0" classname="com.internetapp.tests.Parabank">
    <skipped/>
  </testcase> <!-- Transferfund -->
  <testcase name="SearchTrxn" time="0.0" classname="com.internetapp.tests.Parabank">
    <skipped/>
  </testcase> <!-- SearchTrxn -->
</testsuite> <!-- Parabank TestNG Execution -->
