<?xml version="1.0" encoding="UTF-8"?>
<!-- Generated by org.testng.reporters.JUnitXMLReporter -->
<testsuite hostname="Administrators-MacBook-Pro.local" name="Parallel Execution of calc" tests="2" failures="0" timestamp="2 Jul 2020 02:50:56 GMT" time="0.034" errors="0">
  <testcase name="testMethod1" time="0.013" classname="com.scubatraining.Gowri.Calculator.TestNG_ParallelClass1"/>
  <testcase name="testMethod1" time="0.013" classname="com.scubatraining.Gowri.Calculator.TestNG_ParallelClass2"/>
</testsuite> <!-- Parallel Execution of calc -->
