<?xml version="1.0" encoding="UTF-8"?>
<!-- Generated by org.testng.reporters.JUnitXMLReporter -->
<testsuite hostname="Administrators-MacBook-Pro.local" name="Parallel Execution of Application" tests="2" failures="0" timestamp="20 Jul 2020 15:12:58 GMT" time="18.919" errors="0">
  <testcase name="Register" time="3.025" classname="com.scubatraining.Gowri.seleniummethods.Application2"/>
  <testcase name="Register" time="9.055" classname="com.scubatraining.Gowri.seleniummethods.Application1"/>
</testsuite> <!-- Parallel Execution of Application -->
